<?xml version="1.0" encoding="UTF-8"?>
<testsuite name="Card" skipped="0" failures="1" errors="0" tests="5" assertions="8" time="0.007500120000000001">
  <testcase name="test_0004_should not be case-sensitive" classname="Card" assertions="2" time="3.1146e-05">
  </testcase>
  <testcase name="test_0001_should have suit and number equal to initialized values" classname="Card" assertions="2" time="0.007154467">
    <failure type="test_0001_should have suit and number equal to initialized values" message="Expected: 0...">
Failure:
test_0001_should have suit and number equal to initialized values(Card) [/home/derek/workspace/codefellows/deck_of_cards/spec/card_spec.rb:11]:
Expected: 0
  Actual: 1
    </failure>
  </testcase>
  <testcase name="test_0003_should reject invalid suits" classname="Card" assertions="1" time="0.000145575">
  </testcase>
  <testcase name="test_0005_should give a readable string with to_s" classname="Card" assertions="1" time="8.6265e-05">
  </testcase>
  <testcase name="test_0002_should reject invalid numbers from 1-13" classname="Card" assertions="2" time="8.2667e-05">
  </testcase>
</testsuite>
