<?xml version="1.0" encoding="UTF-8"?>
<testsuite name="Deck" skipped="0" failures="0" errors="0" tests="3" assertions="7" time="0.001207323">
  <testcase name="test_0003_should give a random order of cards after shuffling" classname="Deck" assertions="2" time="0.000757658">
  </testcase>
  <testcase name="test_0002_should have an ordered deck" classname="Deck" assertions="4" time="0.000283809">
  </testcase>
  <testcase name="test_0001_a new deck should have 52 cards" classname="Deck" assertions="1" time="0.000165856">
  </testcase>
</testsuite>
